<?xml version="1.0" encoding="UTF-8"?>
<testsuite xmlns:xsi="http://www.w3.org/2001/XMLSchema-instance" xsi:noNamespaceSchemaLocation="https://maven.apache.org/surefire/maven-surefire-plugin/xsd/surefire-test-report.xsd" version="3.0.2" name="io.dazzleduck.sql.client.grpc.GrpcArrowProducerTest" time="1.716" tests="3" errors="0" skipped="0" failures="0">
  <properties>
[...]
</properties>
  <testcase name="testProjectionsAndPartitionByParameters" classname="io.dazzleduck.sql.client.grpc.GrpcArrowProducerTest" time="0.608">
    <system-err><![CDATA[[main] INFO io.dazzleduck.sql.runtime.SharedTestServer - Starting test server - HTTP port: 53456, Flight port: 53457, Warehouse: /var/folders/xt/mj63sdl544g5mh4w0r0ywvsr0000gq/T/test-warehouse4180508154859416105
[main] INFO io.dazzleduck.sql.runtime.Runtime - Using local filesystem warehouse path: /var/folders/xt/mj63sdl544g5mh4w0r0ywvsr0000gq/T/test-warehouse4180508154859416105
[main] INFO io.dazzleduck.sql.runtime.Runtime - Validated networking modes: [http, flight-sql]
[main] INFO io.dazzleduck.sql.runtime.Runtime - Starting DazzleDuck Runtime with configuration:
[main] INFO io.dazzleduck.sql.runtime.Runtime -   Warehouse path: /var/folders/xt/mj63sdl544g5mh4w0r0ywvsr0000gq/T/test-warehouse4180508154859416105
[main] INFO io.dazzleduck.sql.runtime.Runtime -   Networking modes: [http, flight-sql]
[main] INFO io.dazzleduck.sql.runtime.Runtime - Executing startup script
[main] INFO io.micrometer.core.instrument.push.PushMeterRegistry - publishing metrics for LoggingMeterRegistry every 1m
[main] INFO io.dazzleduck.sql.runtime.Runtime - Created shared FlightSqlProducer for networking services
[main] INFO io.dazzleduck.sql.runtime.Runtime - Starting HTTP server...
[main] WARN io.dazzleduck.sql.http.server.Main - JWT authentication disabled - API endpoints are publicly accessible!
Jan 15, 2026 6:32:21 PM io.helidon.webserver.ServerListener startIt
INFO: [0x1411f652] http://0.0.0.0:53456 bound for socket '@default'
Jan 15, 2026 6:32:21 PM io.helidon.webserver.LoomServer startIt
INFO: Started all channels in 1 milliseconds. 13033 milliseconds since JVM startup. Java 21.0.5+9-LTS-239
[main] INFO io.dazzleduck.sql.http.server.Main - HTTP Server started successfully
[main] INFO io.dazzleduck.sql.http.server.Main - Listening on: http://0.0.0.0:53456
[main] INFO io.dazzleduck.sql.http.server.Main - Health check: http://0.0.0.0:53456/health
[main] INFO io.dazzleduck.sql.http.server.Main - UI dashboard: http://0.0.0.0:53456/v1/ui
[main] INFO io.dazzleduck.sql.runtime.Runtime - HTTP server started successfully
[main] INFO io.dazzleduck.sql.runtime.Runtime - Starting Flight SQL server...
[main] INFO io.dazzleduck.sql.flight.server.Main - Using local filesystem warehouse path: /var/folders/xt/mj63sdl544g5mh4w0r0ywvsr0000gq/T/test-warehouse4180508154859416105
[main] INFO io.dazzleduck.sql.flight.server.Main - Starting Flight server with configuration:
[main] INFO io.dazzleduck.sql.flight.server.Main -   Host: localhost
[main] INFO io.dazzleduck.sql.flight.server.Main -   Port: 53457
[main] INFO io.dazzleduck.sql.flight.server.Main -   Warehouse path: /var/folders/xt/mj63sdl544g5mh4w0r0ywvsr0000gq/T/test-warehouse4180508154859416105
[main] INFO io.dazzleduck.sql.flight.server.Main -   TLS enabled: false
[main] INFO io.dazzleduck.sql.runtime.Runtime - Flight SQL server started successfully
[main] INFO io.dazzleduck.sql.runtime.Runtime - DazzleDuck Runtime startup complete
[main] INFO io.dazzleduck.sql.runtime.Runtime -   HTTP server: RUNNING
[main] INFO io.dazzleduck.sql.runtime.Runtime -   Flight SQL server: RUNNING
[flight-server] INFO io.dazzleduck.sql.flight.server.Main - Flight Server is up: Listening on URI: grpc+tcp://localhost:53457
[main] INFO io.dazzleduck.sql.runtime.SharedTestServer - Test server started successfully
[main] INFO io.dazzleduck.sql.client.ArrowProducer$AbstractArrowProducer - FlightSender started at 2026-01-16T02:32:21.725195Z with send interval PT0.2S, retryCount 3, retryIntervalMillis 1000, projections [*, 'c1' as c1, 'c2' as  c2], partitionBy [c1, c2]
[main] INFO io.dazzleduck.sql.client.grpc.GrpcArrowProducer - Initializing GrpcFlightSender with location=grpc+tcp://localhost:53457, timeout=PT30S
[Thread-10] INFO io.dazzleduck.sql.client.grpc.GrpcArrowProducer - Successfully sent element via gRPC
[main] INFO io.dazzleduck.sql.client.ArrowProducer$AbstractArrowProducer - Producer closed. Stats: sent=1, dropped=0, retries=0
[pool-10-thread-1] INFO dazzleduck.audit -  flight {"statementId":1,"user":"admin","action":"START","isPreparedStatement":true,"query":"SELECT count(*) as cnt FROM read_parquet('/var/folders/xt/mj63sdl544g5mh4w0r0ywvsr0000gq/T/test-warehouse4180508154859416105/both-params-grpc-test/*/*/*.parquet')","startTime":"2026-01-16T02:32:22.305903Z","endTime":null,"bytesOut":0,"error":null}
[pool-10-thread-1] INFO dazzleduck.audit -  flight {"statementId":1,"user":"admin","action":"END","isPreparedStatement":true,"query":"SELECT count(*) as cnt FROM read_parquet('/var/folders/xt/mj63sdl544g5mh4w0r0ywvsr0000gq/T/test-warehouse4180508154859416105/both-params-grpc-test/*/*/*.parquet')","startTime":"2026-01-16T02:32:22.305903Z","endTime":"2026-01-16T02:32:22.323190Z","bytesOut":201,"error":null}
]]></system-err>
  </testcase>
  <testcase name="testEmptyListsDoNotSendParameters" classname="io.dazzleduck.sql.client.grpc.GrpcArrowProducerTest" time="0.518">
    <system-err><![CDATA[[main] INFO io.dazzleduck.sql.client.ArrowProducer$AbstractArrowProducer - FlightSender started at 2026-01-16T02:32:22.333412Z with send interval PT0.2S, retryCount 3, retryIntervalMillis 1000, projections [], partitionBy []
[main] INFO io.dazzleduck.sql.client.grpc.GrpcArrowProducer - Initializing GrpcFlightSender with location=grpc+tcp://localhost:53457, timeout=PT30S
[Thread-11] INFO io.dazzleduck.sql.client.grpc.GrpcArrowProducer - Successfully sent element via gRPC
[main] INFO io.dazzleduck.sql.client.ArrowProducer$AbstractArrowProducer - Producer closed. Stats: sent=1, dropped=0, retries=0
[pool-10-thread-2] INFO dazzleduck.audit -  flight {"statementId":2,"user":"admin","action":"START","isPreparedStatement":true,"query":"SELECT count(*) as cnt FROM read_parquet('/var/folders/xt/mj63sdl544g5mh4w0r0ywvsr0000gq/T/test-warehouse4180508154859416105/empty-lists-grpc-test/*.parquet')","startTime":"2026-01-16T02:32:22.847993Z","endTime":null,"bytesOut":0,"error":null}
[pool-10-thread-2] INFO dazzleduck.audit -  flight {"statementId":2,"user":"admin","action":"END","isPreparedStatement":true,"query":"SELECT count(*) as cnt FROM read_parquet('/var/folders/xt/mj63sdl544g5mh4w0r0ywvsr0000gq/T/test-warehouse4180508154859416105/empty-lists-grpc-test/*.parquet')","startTime":"2026-01-16T02:32:22.847993Z","endTime":"2026-01-16T02:32:22.850061Z","bytesOut":201,"error":null}
]]></system-err>
  </testcase>
  <testcase name="ingestAndVerifyValues" classname="io.dazzleduck.sql.client.grpc.GrpcArrowProducerTest" time="0.516">
    <system-err><![CDATA[[main] INFO io.dazzleduck.sql.client.ArrowProducer$AbstractArrowProducer - FlightSender started at 2026-01-16T02:32:22.851883Z with send interval PT0.2S, retryCount 3, retryIntervalMillis 1000, projections [], partitionBy []
[main] INFO io.dazzleduck.sql.client.grpc.GrpcArrowProducer - Initializing GrpcFlightSender with location=grpc+tcp://localhost:53457, timeout=PT30S
[Thread-12] INFO io.dazzleduck.sql.client.grpc.GrpcArrowProducer - Successfully sent element via gRPC
[main] INFO io.dazzleduck.sql.client.ArrowProducer$AbstractArrowProducer - Producer closed. Stats: sent=1, dropped=0, retries=0
[pool-10-thread-3] INFO dazzleduck.audit -  flight {"statementId":3,"user":"admin","action":"START","isPreparedStatement":true,"query":"SELECT name FROM read_parquet('/var/folders/xt/mj63sdl544g5mh4w0r0ywvsr0000gq/T/test-warehouse4180508154859416105/names/*.parquet') ORDER BY name","startTime":"2026-01-16T02:32:23.364462Z","endTime":null,"bytesOut":0,"error":null}
[pool-10-thread-3] INFO dazzleduck.audit -  flight {"statementId":3,"user":"admin","action":"END","isPreparedStatement":true,"query":"SELECT name FROM read_parquet('/var/folders/xt/mj63sdl544g5mh4w0r0ywvsr0000gq/T/test-warehouse4180508154859416105/names/*.parquet') ORDER BY name","startTime":"2026-01-16T02:32:23.364462Z","endTime":"2026-01-16T02:32:23.366428Z","bytesOut":220,"error":null}
]]></system-err>
  </testcase>
</testsuite>