# JRE version: Java(TM) SE Runtime Environment (21.0.5+9) (build 21.0.5+9-LTS-239)
# Java VM: Java HotSpot(TM) 64-Bit Server VM (21.0.5+9-LTS-239, mixed mode, sharing, tiered, compressed oops, compressed class ptrs, g1 gc, bsd-aarch64)
GC Precious Log:
 CardTable entry size: 512
 Card Set container configuration: InlinePtr #cards 4 size 8 Array Of Cards #cards 32 size 80 Howl #buckets 8 coarsen threshold 7372 Howl Bitmap #cards 1024 size 144 coarsen threshold 921 Card regions per heap region 1 cards per card region 8192
 CPUs: 11 total, 11 available
 Memory: 18432M
 Large Page Support: Disabled
 NUMA Support: Disabled
 Compressed Oops: Enabled (Zero based)
 Heap Region Size: 4M
 Heap Min Capacity: 8M
 Heap Initial Capacity: 288M
 Heap Max Capacity: 4608M
 Pre-touch: Disabled
 Parallel Workers: 9
 Concurrent Workers: 2
 Concurrent Refinement Workers: 9
 Periodic GC: Disabled
Heap:
 garbage-first heap   total 98304K, used 32851K [0x00000006e0000000, 0x0000000800000000)
  region size 4096K, 5 young (20480K), 1 survivors (4096K)
 Metaspace       used 39091K, committed 39488K, reserved 1114112K
  class space    used 4698K, committed 4864K, reserved 1048576K
GC Heap History (12 events):
Event: 0.162 GC heap before
{Heap before GC invocations=0 (full 0):
 garbage-first heap   total 299008K, used 25643K [0x00000006e0000000, 0x0000000800000000)
  region size 4096K, 5 young (20480K), 0 survivors (0K)
 Metaspace       used 2737K, committed 2944K, reserved 1114112K
  class space    used 282K, committed 384K, reserved 1048576K
}
Event: 0.163 GC heap after
{Heap after GC invocations=1 (full 0):
 garbage-first heap   total 299008K, used 11652K [0x00000006e0000000, 0x0000000800000000)
  region size 4096K, 1 young (4096K), 1 survivors (4096K)
 Metaspace       used 2737K, committed 2944K, reserved 1114112K
  class space    used 282K, committed 384K, reserved 1048576K
}
Event: 0.278 GC heap before
{Heap before GC invocations=1 (full 0):
 garbage-first heap   total 299008K, used 28036K [0x00000006e0000000, 0x0000000800000000)
  region size 4096K, 5 young (20480K), 1 survivors (4096K)
 Metaspace       used 5690K, committed 5952K, reserved 1114112K
  class space    used 707K, committed 832K, reserved 1048576K
}
Event: 0.280 GC heap after
{Heap after GC invocations=2 (full 0):
 garbage-first heap   total 299008K, used 13224K [0x00000006e0000000, 0x0000000800000000)
  region size 4096K, 1 young (4096K), 1 survivors (4096K)
 Metaspace       used 5690K, committed 5952K, reserved 1114112K
  class space    used 707K, committed 832K, reserved 1048576K
}
Event: 1.553 GC heap before
{Heap before GC invocations=2 (full 0):
 garbage-first heap   total 299008K, used 62376K [0x00000006e0000000, 0x0000000800000000)
  region size 4096K, 15 young (61440K), 1 survivors (4096K)
 Metaspace       used 21209K, committed 21504K, reserved 1114112K
  class space    used 2467K, committed 2624K, reserved 1048576K
}
Event: 1.555 GC heap after
{Heap after GC invocations=3 (full 0):
 garbage-first heap   total 299008K, used 17375K [0x00000006e0000000, 0x0000000800000000)
  region size 4096K, 2 young (8192K), 2 survivors (8192K)
 Metaspace       used 21209K, committed 21504K, reserved 1114112K
  class space    used 2467K, committed 2624K, reserved 1048576K
}
Event: 11.275 GC heap before
{Heap before GC invocations=4 (full 0):
 garbage-first heap   total 98304K, used 87007K [0x00000006e0000000, 0x0000000800000000)
  region size 4096K, 20 young (81920K), 2 survivors (8192K)
 Metaspace       used 35760K, committed 36096K, reserved 1114112K
  class space    used 4262K, committed 4416K, reserved 1048576K
}
Event: 11.278 GC heap after
{Heap after GC invocations=5 (full 0):
 garbage-first heap   total 110592K, used 20321K [0x00000006e0000000, 0x0000000800000000)
  region size 4096K, 3 young (12288K), 3 survivors (12288K)
 Metaspace       used 35760K, committed 36096K, reserved 1114112K
  class space    used 4262K, committed 4416K, reserved 1048576K
}
Event: 11.286 GC heap before
{Heap before GC invocations=5 (full 0):
 garbage-first heap   total 110592K, used 24417K [0x00000006e0000000, 0x0000000800000000)
  region size 4096K, 5 young (20480K), 3 survivors (12288K)
 Metaspace       used 36063K, committed 36416K, reserved 1114112K
  class space    used 4301K, committed 4480K, reserved 1048576K
}
Event: 11.289 GC heap after
{Heap after GC invocations=6 (full 0):
 garbage-first heap   total 110592K, used 20542K [0x00000006e0000000, 0x0000000800000000)
  region size 4096K, 1 young (4096K), 1 survivors (4096K)
 Metaspace       used 36063K, committed 36416K, reserved 1114112K
  class space    used 4301K, committed 4480K, reserved 1048576K
}
Event: 11.293 GC heap before
{Heap before GC invocations=6 (full 0):
 garbage-first heap   total 110592K, used 20542K [0x00000006e0000000, 0x0000000800000000)
  region size 4096K, 2 young (8192K), 1 survivors (4096K)
 Metaspace       used 36384K, committed 36736K, reserved 1114112K
  class space    used 4341K, committed 4480K, reserved 1048576K
}
Event: 11.294 GC heap after
{Heap after GC invocations=7 (full 0):
 garbage-first heap   total 110592K, used 20563K [0x00000006e0000000, 0x0000000800000000)
  region size 4096K, 1 young (4096K), 1 survivors (4096K)
 Metaspace       used 36384K, committed 36736K, reserved 1114112K
  class space    used 4341K, committed 4480K, reserved 1048576K
}

